[INFO] 23:54:22:233 GAMEBOY/(14184:14184): ESTOY LOGEANDO
[INFO] 23:54:22:237 GAMEBOY/(14184:14184): conexion creada
[INFO] 23:54:22:237 GAMEBOY/(14184:14184): mensaje enviado
[INFO] 23:54:22:238 GAMEBOY/(14184:14184): mensaje recibido
[INFO] 23:54:22:238 GAMEBOY/(14184:14184): hola
[INFO] 23:56:16:792 GAMEBOY/(12535:12535): ESTOY LOGEANDO
[INFO] 23:56:19:469 GAMEBOY/(12535:12535): conexion creada
[INFO] 23:57:17:216 GAMEBOY/(27554:27554): ESTOY LOGEANDO
[INFO] 23:57:31:352 GAMEBOY/(27554:27554): conexion creada
[INFO] 23:59:06:211 GAMEBOY/(27554:27554): mensaje enviado
[INFO] 23:59:06:211 GAMEBOY/(27554:27554): mensaje recibido
[INFO] 23:59:06:211 GAMEBOY/(27554:27554): 
[INFO] 23:59:19:921 GAMEBOY/(23953:23953): ESTOY LOGEANDO
[INFO] 23:59:22:771 GAMEBOY/(23953:23953): conexion creada
[INFO] 00:04:48:12 GAMEBOY/(24152:24152): ESTOY LOGEANDO
[INFO] 00:04:48:19 GAMEBOY/(24152:24152): conexion creada
[INFO] 00:04:48:19 GAMEBOY/(24152:24152): mensaje enviado
[INFO] 00:04:48:20 GAMEBOY/(24152:24152): mensaje recibido
[INFO] 00:04:48:20 GAMEBOY/(24152:24152): hola
[INFO] 00:04:58:605 GAMEBOY/(24169:24169): ESTOY LOGEANDO
[INFO] 00:04:58:615 GAMEBOY/(24169:24169): conexion creada
[INFO] 00:04:58:615 GAMEBOY/(24169:24169): mensaje enviado
[INFO] 00:04:58:627 GAMEBOY/(24169:24169): mensaje recibido
[INFO] 00:04:58:627 GAMEBOY/(24169:24169): hola
[INFO] 00:05:42:153 GAMEBOY/(24248:24248): ESTOY LOGEANDO
[INFO] 00:05:42:153 GAMEBOY/(24248:24248): conexion creada
[INFO] 00:05:42:153 GAMEBOY/(24248:24248): mensaje enviado
[INFO] 00:05:42:153 GAMEBOY/(24248:24248): mensaje recibido
[INFO] 00:05:42:153 GAMEBOY/(24248:24248): hola
[INFO] 00:17:27:147 GAMEBOY/(24624:24624): ESTOY LOGEANDO
[INFO] 00:17:27:154 GAMEBOY/(24624:24624): conexion creada
[INFO] 00:17:27:155 GAMEBOY/(24624:24624): mensaje enviado
[INFO] 00:17:27:159 GAMEBOY/(24624:24624): mensaje recibido
[INFO] 00:17:27:159 GAMEBOY/(24624:24624): hola
