[INFO] 22:34:57:195 TEAM/(4045:4045): Conexion Broker: false
[INFO] 22:35:02:205 TEAM/(4045:4051): Conexion Broker: false
[INFO] 22:35:07:206 TEAM/(4045:4051): Conexion Broker: false
[INFO] 23:01:13:79 TEAM/(5582:5582): conexion creada -> SUSCRIPCION ; CONEXION: 6
[INFO] 23:01:13:79 TEAM/(5582:5582): suscripcion enviado
[INFO] 23:01:13:88 TEAM/(5582:5582): suscripcion recibido 3
[INFO] 23:01:13:88 TEAM/(5582:5582): SUSCRIPCION COMPLETADA
[INFO] 23:01:13:89 TEAM/(5582:5582): conexion creada -> SUSCRIPCION ; CONEXION: 6
[INFO] 23:01:13:89 TEAM/(5582:5582): suscripcion enviado
[INFO] 23:01:13:95 TEAM/(5582:5582): suscripcion recibido 5
[INFO] 23:01:13:95 TEAM/(5582:5582): SUSCRIPCION COMPLETADA
[INFO] 23:01:13:96 TEAM/(5582:5582): conexion creada -> SUSCRIPCION ; CONEXION: 6
[INFO] 23:01:13:96 TEAM/(5582:5582): suscripcion enviado
[INFO] 23:01:13:97 TEAM/(5582:5582): suscripcion recibido 7
[INFO] 23:01:13:97 TEAM/(5582:5582): SUSCRIPCION COMPLETADA
[INFO] 23:01:13:97 TEAM/(5582:5582): Conexion Broker: true
[INFO] 23:06:00:10 TEAM/(5753:5753): conexion creada -> SUSCRIPCION ; CONEXION: 6
[INFO] 23:06:00:10 TEAM/(5753:5753): suscripcion enviado
[INFO] 23:06:03:875 TEAM/(5753:5753): suscripcion recibido 3
[INFO] 23:06:03:875 TEAM/(5753:5753): SUSCRIPCION COMPLETADA
[INFO] 23:06:03:876 TEAM/(5753:5753): conexion creada -> SUSCRIPCION ; CONEXION: 6
[INFO] 23:06:03:876 TEAM/(5753:5753): suscripcion enviado
[INFO] 23:06:04:460 TEAM/(5753:5753): suscripcion recibido 5
[INFO] 23:06:04:460 TEAM/(5753:5753): SUSCRIPCION COMPLETADA
[INFO] 23:06:04:460 TEAM/(5753:5753): conexion creada -> SUSCRIPCION ; CONEXION: 6
[INFO] 23:06:04:460 TEAM/(5753:5753): suscripcion enviado
[INFO] 23:06:05:275 TEAM/(5753:5753): suscripcion recibido 7
[INFO] 23:06:05:275 TEAM/(5753:5753): SUSCRIPCION COMPLETADA
[INFO] 23:06:05:275 TEAM/(5753:5753): Conexion Broker: true
[INFO] 23:07:56:831 TEAM/(5878:5878): conexion creada -> SUSCRIPCION ; CONEXION: 6
[INFO] 23:07:56:831 TEAM/(5878:5878): suscripcion enviado
[INFO] 23:07:56:832 TEAM/(5878:5878): suscripcion recibido 3
[INFO] 23:07:56:832 TEAM/(5878:5878): SUSCRIPCION COMPLETADA
[INFO] 23:07:56:832 TEAM/(5878:5878): conexion creada -> SUSCRIPCION ; CONEXION: 6
[INFO] 23:07:56:832 TEAM/(5878:5878): suscripcion enviado
[INFO] 23:07:56:833 TEAM/(5878:5878): suscripcion recibido 5
[INFO] 23:07:56:833 TEAM/(5878:5878): SUSCRIPCION COMPLETADA
[INFO] 23:07:56:833 TEAM/(5878:5878): conexion creada -> SUSCRIPCION ; CONEXION: 6
[INFO] 23:07:56:833 TEAM/(5878:5878): suscripcion enviado
[INFO] 23:07:56:837 TEAM/(5878:5878): suscripcion recibido 7
[INFO] 23:07:56:837 TEAM/(5878:5878): SUSCRIPCION COMPLETADA
[INFO] 23:07:56:837 TEAM/(5878:5878): Conexion Broker: true
[INFO] 23:09:35:466 TEAM/(5974:5974): conexion creada -> SUSCRIPCION ; CONEXION: 6
[INFO] 23:09:35:466 TEAM/(5974:5974): suscripcion enviado
[INFO] 23:09:35:473 TEAM/(5974:5974): suscripcion recibido 3
[INFO] 23:09:35:473 TEAM/(5974:5974): SUSCRIPCION COMPLETADA
[INFO] 23:09:35:473 TEAM/(5974:5974): conexion creada -> SUSCRIPCION ; CONEXION: 6
[INFO] 23:09:35:473 TEAM/(5974:5974): suscripcion enviado
[INFO] 23:09:35:474 TEAM/(5974:5974): suscripcion recibido 5
[INFO] 23:09:35:474 TEAM/(5974:5974): SUSCRIPCION COMPLETADA
[INFO] 23:09:35:474 TEAM/(5974:5974): conexion creada -> SUSCRIPCION ; CONEXION: 6
[INFO] 23:09:35:474 TEAM/(5974:5974): suscripcion enviado
[INFO] 23:09:35:475 TEAM/(5974:5974): suscripcion recibido 7
[INFO] 23:09:35:475 TEAM/(5974:5974): SUSCRIPCION COMPLETADA
[INFO] 23:09:35:475 TEAM/(5974:5974): Conexion Broker: true
[INFO] 23:10:33:777 TEAM/(6051:6051): conexion creada -> SUSCRIPCION ; CONEXION: 6
[INFO] 23:10:33:777 TEAM/(6051:6051): suscripcion enviado
[INFO] 23:10:33:778 TEAM/(6051:6051): suscripcion recibido 3
[INFO] 23:10:33:778 TEAM/(6051:6051): SUSCRIPCION COMPLETADA
[INFO] 23:10:33:778 TEAM/(6051:6051): conexion creada -> SUSCRIPCION ; CONEXION: 6
[INFO] 23:10:33:778 TEAM/(6051:6051): suscripcion enviado
[INFO] 23:10:33:781 TEAM/(6051:6051): suscripcion recibido 5
[INFO] 23:10:33:781 TEAM/(6051:6051): SUSCRIPCION COMPLETADA
[INFO] 23:10:33:781 TEAM/(6051:6051): conexion creada -> SUSCRIPCION ; CONEXION: 6
[INFO] 23:10:33:781 TEAM/(6051:6051): suscripcion enviado
[INFO] 23:10:33:782 TEAM/(6051:6051): suscripcion recibido 7
[INFO] 23:10:33:782 TEAM/(6051:6051): SUSCRIPCION COMPLETADA
[INFO] 23:10:33:782 TEAM/(6051:6051): Conexion Broker: true
[INFO] 23:10:56:601 TEAM/(6110:6110): conexion creada -> SUSCRIPCION ; CONEXION: 6
[INFO] 23:10:56:601 TEAM/(6110:6110): suscripcion enviado
[INFO] 23:10:56:602 TEAM/(6110:6110): suscripcion recibido 3
[INFO] 23:10:56:602 TEAM/(6110:6110): SUSCRIPCION COMPLETADA
[INFO] 23:10:56:602 TEAM/(6110:6110): conexion creada -> SUSCRIPCION ; CONEXION: 6
[INFO] 23:10:56:602 TEAM/(6110:6110): suscripcion enviado
[INFO] 23:10:56:602 TEAM/(6110:6110): suscripcion recibido 5
[INFO] 23:10:56:602 TEAM/(6110:6110): SUSCRIPCION COMPLETADA
[INFO] 23:10:56:602 TEAM/(6110:6110): conexion creada -> SUSCRIPCION ; CONEXION: 6
[INFO] 23:10:56:602 TEAM/(6110:6110): suscripcion enviado
[INFO] 23:10:56:602 TEAM/(6110:6110): suscripcion recibido 7
[INFO] 23:10:56:602 TEAM/(6110:6110): SUSCRIPCION COMPLETADA
[INFO] 23:10:56:602 TEAM/(6110:6110): Conexion Broker: true
[INFO] 23:13:09:711 TEAM/(6304:6304): conexion creada -> SUSCRIPCION ; CONEXION: 6
[INFO] 23:13:09:711 TEAM/(6304:6304): suscripcion enviado
[INFO] 23:13:09:718 TEAM/(6304:6304): suscripcion recibido 3
[INFO] 23:13:09:718 TEAM/(6304:6304): SUSCRIPCION COMPLETADA
[INFO] 23:13:09:718 TEAM/(6304:6304): conexion creada -> SUSCRIPCION ; CONEXION: 6
[INFO] 23:13:09:718 TEAM/(6304:6304): suscripcion enviado
[INFO] 23:13:09:718 TEAM/(6304:6304): suscripcion recibido 5
[INFO] 23:13:09:718 TEAM/(6304:6304): SUSCRIPCION COMPLETADA
[INFO] 23:13:09:718 TEAM/(6304:6304): conexion creada -> SUSCRIPCION ; CONEXION: 6
[INFO] 23:13:09:718 TEAM/(6304:6304): suscripcion enviado
[INFO] 23:13:09:721 TEAM/(6304:6304): suscripcion recibido 7
[INFO] 23:13:09:721 TEAM/(6304:6304): SUSCRIPCION COMPLETADA
[INFO] 23:13:09:721 TEAM/(6304:6304): Conexion Broker: true
[INFO] 23:15:53:326 TEAM/(6416:6416): conexion creada -> SUSCRIPCION ; CONEXION: 6
[INFO] 23:15:53:326 TEAM/(6416:6416): suscripcion enviado
[INFO] 23:15:53:327 TEAM/(6416:6416): suscripcion recibido 3
[INFO] 23:15:53:327 TEAM/(6416:6416): SUSCRIPCION COMPLETADA
[INFO] 23:15:53:327 TEAM/(6416:6416): conexion creada -> SUSCRIPCION ; CONEXION: 6
[INFO] 23:15:53:327 TEAM/(6416:6416): suscripcion enviado
[INFO] 23:15:53:329 TEAM/(6416:6416): suscripcion recibido 5
[INFO] 23:15:53:329 TEAM/(6416:6416): SUSCRIPCION COMPLETADA
[INFO] 23:15:53:329 TEAM/(6416:6416): conexion creada -> SUSCRIPCION ; CONEXION: 6
[INFO] 23:15:53:329 TEAM/(6416:6416): suscripcion enviado
[INFO] 23:15:53:330 TEAM/(6416:6416): suscripcion recibido 7
[INFO] 23:15:53:330 TEAM/(6416:6416): SUSCRIPCION COMPLETADA
[INFO] 23:15:53:330 TEAM/(6416:6416): Conexion Broker: true
[INFO] 23:16:23:421 TEAM/(6480:6480): conexion creada -> SUSCRIPCION ; CONEXION: 6
[INFO] 23:16:23:421 TEAM/(6480:6480): suscripcion enviado
[INFO] 23:16:23:422 TEAM/(6480:6480): suscripcion recibido 3
[INFO] 23:16:23:422 TEAM/(6480:6480): SUSCRIPCION COMPLETADA
[INFO] 23:16:23:423 TEAM/(6480:6480): conexion creada -> SUSCRIPCION ; CONEXION: 6
[INFO] 23:16:23:423 TEAM/(6480:6480): suscripcion enviado
[INFO] 23:16:23:430 TEAM/(6480:6480): suscripcion recibido 5
[INFO] 23:16:23:430 TEAM/(6480:6480): SUSCRIPCION COMPLETADA
[INFO] 23:16:23:430 TEAM/(6480:6480): conexion creada -> SUSCRIPCION ; CONEXION: 6
[INFO] 23:16:23:430 TEAM/(6480:6480): suscripcion enviado
[INFO] 23:16:23:430 TEAM/(6480:6480): suscripcion recibido 7
[INFO] 23:16:23:430 TEAM/(6480:6480): SUSCRIPCION COMPLETADA
[INFO] 23:16:23:430 TEAM/(6480:6480): Conexion Broker: true
[INFO] 23:18:23:238 TEAM/(6605:6605): conexion creada -> SUSCRIPCION ; CONEXION: 6
[INFO] 23:18:23:238 TEAM/(6605:6605): suscripcion enviado
[INFO] 23:18:23:241 TEAM/(6605:6605): suscripcion recibido 3
[INFO] 23:18:23:241 TEAM/(6605:6605): SUSCRIPCION COMPLETADA
[INFO] 23:18:23:241 TEAM/(6605:6605): conexion creada -> SUSCRIPCION ; CONEXION: 6
[INFO] 23:18:23:241 TEAM/(6605:6605): suscripcion enviado
[INFO] 23:18:23:242 TEAM/(6605:6605): suscripcion recibido 5
[INFO] 23:18:23:242 TEAM/(6605:6605): SUSCRIPCION COMPLETADA
[INFO] 23:18:23:243 TEAM/(6605:6605): conexion creada -> SUSCRIPCION ; CONEXION: 6
[INFO] 23:18:23:243 TEAM/(6605:6605): suscripcion enviado
[INFO] 23:18:23:245 TEAM/(6605:6605): suscripcion recibido 7
[INFO] 23:18:23:245 TEAM/(6605:6605): SUSCRIPCION COMPLETADA
[INFO] 23:18:23:245 TEAM/(6605:6605): Conexion Broker: true
[INFO] 23:24:52:230 TEAM/(6780:6780): conexion creada -> SUSCRIPCION ; CONEXION: 6
[INFO] 23:24:52:231 TEAM/(6780:6780): suscripcion enviado
[INFO] 23:24:52:231 TEAM/(6780:6780): suscripcion recibido 3
[INFO] 23:24:52:231 TEAM/(6780:6780): SUSCRIPCION COMPLETADA
[INFO] 23:24:52:231 TEAM/(6780:6780): conexion creada -> SUSCRIPCION ; CONEXION: 6
[INFO] 23:24:52:231 TEAM/(6780:6780): suscripcion enviado
[INFO] 23:24:52:232 TEAM/(6780:6780): suscripcion recibido 5
[INFO] 23:24:52:232 TEAM/(6780:6780): SUSCRIPCION COMPLETADA
[INFO] 23:24:52:232 TEAM/(6780:6780): conexion creada -> SUSCRIPCION ; CONEXION: 6
[INFO] 23:24:52:232 TEAM/(6780:6780): suscripcion enviado
[INFO] 23:24:52:233 TEAM/(6780:6780): suscripcion recibido 7
[INFO] 23:24:52:233 TEAM/(6780:6780): SUSCRIPCION COMPLETADA
[INFO] 23:24:52:233 TEAM/(6780:6780): Conexion Broker: true
[INFO] 23:33:54:346 TEAM/(7038:7038): conexion creada -> SUSCRIPCION ; CONEXION: 6
[INFO] 23:33:54:346 TEAM/(7038:7038): suscripcion enviado
[INFO] 23:33:54:347 TEAM/(7038:7038): suscripcion recibido 3
[INFO] 23:33:54:347 TEAM/(7038:7038): SUSCRIPCION COMPLETADA
[INFO] 23:33:54:347 TEAM/(7038:7038): conexion creada -> SUSCRIPCION ; CONEXION: 6
[INFO] 23:33:54:347 TEAM/(7038:7038): suscripcion enviado
[INFO] 23:33:54:347 TEAM/(7038:7038): suscripcion recibido 5
[INFO] 23:33:54:347 TEAM/(7038:7038): SUSCRIPCION COMPLETADA
[INFO] 23:33:54:348 TEAM/(7038:7038): conexion creada -> SUSCRIPCION ; CONEXION: 6
[INFO] 23:33:54:348 TEAM/(7038:7038): suscripcion enviado
[INFO] 23:33:54:348 TEAM/(7038:7038): suscripcion recibido 7
[INFO] 23:33:54:348 TEAM/(7038:7038): SUSCRIPCION COMPLETADA
[INFO] 23:33:54:348 TEAM/(7038:7038): Conexion Broker: true
[INFO] 23:39:20:489 TEAM/(7301:7301): conexion creada -> SUSCRIPCION ; CONEXION: 7
[INFO] 23:39:20:490 TEAM/(7301:7301): suscripcion enviado
[INFO] 23:39:20:490 TEAM/(7301:7301): suscripcion recibido 3
[INFO] 23:39:20:490 TEAM/(7301:7301): 
[INFO] 23:39:20:490 TEAM/(7301:7301): conexion creada -> SUSCRIPCION ; CONEXION: 7
[INFO] 23:39:20:490 TEAM/(7301:7301): suscripcion enviado
[INFO] 23:39:20:494 TEAM/(7301:7301): suscripcion recibido 5
[INFO] 23:39:20:494 TEAM/(7301:7301): x˵9:20
[INFO] 23:39:20:494 TEAM/(7301:7301): Conexion Broker: false
[INFO] 23:39:25:502 TEAM/(7301:7306): Conexion Broker: false
[INFO] 23:41:21:262 TEAM/(7575:7575): Conexion Broker: false
[INFO] 23:41:26:265 TEAM/(7575:7579): conexion creada -> SUSCRIPCION ; CONEXION: 12
[INFO] 23:41:26:265 TEAM/(7575:7579): suscripcion enviado
[INFO] 23:41:26:266 TEAM/(7575:7579): suscripcion recibido 3
[INFO] 23:41:26:266 TEAM/(7575:7579): SUSCRIPCION COMPLETADA
[INFO] 23:41:26:266 TEAM/(7575:7579): conexion creada -> SUSCRIPCION ; CONEXION: 12
[INFO] 23:41:26:266 TEAM/(7575:7579): suscripcion enviado
[INFO] 23:41:26:266 TEAM/(7575:7579): suscripcion recibido 5
[INFO] 23:41:26:266 TEAM/(7575:7579): SUSCRIPCION COMPLETADA
[INFO] 23:41:26:266 TEAM/(7575:7579): conexion creada -> SUSCRIPCION ; CONEXION: 12
[INFO] 23:41:26:267 TEAM/(7575:7579): suscripcion enviado
[INFO] 23:41:26:267 TEAM/(7575:7579): suscripcion recibido 7
[INFO] 23:41:26:267 TEAM/(7575:7579): SUSCRIPCION COMPLETADA
[INFO] 23:41:26:267 TEAM/(7575:7579): Conexion Broker: true
[INFO] 23:45:13:107 TEAM/(7768:7768): conexion creada -> SUSCRIPCION ; CONEXION: 7
[INFO] 23:45:13:107 TEAM/(7768:7768): suscripcion enviado
[INFO] 23:45:13:107 TEAM/(7768:7768): suscripcion recibido 3
[INFO] 23:45:13:107 TEAM/(7768:7768): SUSCRIPCION COMPLETADA
[INFO] 23:45:13:107 TEAM/(7768:7768): conexion creada -> SUSCRIPCION ; CONEXION: 7
[INFO] 23:45:13:107 TEAM/(7768:7768): suscripcion enviado
[INFO] 23:45:13:108 TEAM/(7768:7768): suscripcion recibido 5
[INFO] 23:45:13:108 TEAM/(7768:7768): SUSCRIPCION COMPLETADA
[INFO] 23:45:13:108 TEAM/(7768:7768): conexion creada -> SUSCRIPCION ; CONEXION: 7
[INFO] 23:45:13:108 TEAM/(7768:7768): suscripcion enviado
[INFO] 23:45:13:108 TEAM/(7768:7768): suscripcion recibido 7
[INFO] 23:45:13:108 TEAM/(7768:7768): SUSCRIPCION COMPLETADA
[INFO] 23:45:13:108 TEAM/(7768:7768): Conexion Broker: true
[INFO] 23:48:55:604 TEAM/(7808:7808): Conexion Broker: false
[INFO] 23:49:00:606 TEAM/(7808:7812): conexion creada -> SUSCRIPCION ; CONEXION: 12
[INFO] 23:49:00:607 TEAM/(7808:7812): suscripcion enviado
[INFO] 23:49:00:607 TEAM/(7808:7812): suscripcion recibido 3
[INFO] 23:49:00:607 TEAM/(7808:7812): SUSCRIPCION COMPLETADA
[INFO] 23:49:00:607 TEAM/(7808:7812): conexion creada -> SUSCRIPCION ; CONEXION: 12
[INFO] 23:49:00:607 TEAM/(7808:7812): suscripcion enviado
[INFO] 23:49:00:608 TEAM/(7808:7812): suscripcion recibido 5
[INFO] 23:49:00:608 TEAM/(7808:7812): SUSCRIPCION COMPLETADA
[INFO] 23:49:00:608 TEAM/(7808:7812): conexion creada -> SUSCRIPCION ; CONEXION: 12
[INFO] 23:49:00:608 TEAM/(7808:7812): suscripcion enviado
[INFO] 23:49:00:608 TEAM/(7808:7812): suscripcion recibido 7
[INFO] 23:49:00:608 TEAM/(7808:7812): SUSCRIPCION COMPLETADA
[INFO] 23:49:00:608 TEAM/(7808:7812): Conexion Broker: true
[INFO] 23:52:32:692 TEAM/(7870:7870): Conexion Broker: false
[INFO] 23:52:37:702 TEAM/(7870:7874): conexion creada -> SUSCRIPCION ; CONEXION: 12
[INFO] 23:52:37:703 TEAM/(7870:7874): suscripcion enviado
[INFO] 23:52:37:711 TEAM/(7870:7874): suscripcion recibido 3
[INFO] 23:52:37:711 TEAM/(7870:7874): SUSCRIPCION COMPLETADA
[INFO] 23:52:37:711 TEAM/(7870:7874): conexion creada -> SUSCRIPCION ; CONEXION: 12
[INFO] 23:52:37:711 TEAM/(7870:7874): suscripcion enviado
[INFO] 23:52:37:718 TEAM/(7870:7874): suscripcion recibido 5
[INFO] 23:52:37:718 TEAM/(7870:7874): SUSCRIPCION COMPLETADA
[INFO] 23:52:37:718 TEAM/(7870:7874): conexion creada -> SUSCRIPCION ; CONEXION: 12
[INFO] 23:52:37:718 TEAM/(7870:7874): suscripcion enviado
[INFO] 23:52:37:720 TEAM/(7870:7874): suscripcion recibido 7
[INFO] 23:52:37:720 TEAM/(7870:7874): SUSCRIPCION COMPLETADA
[INFO] 23:52:37:720 TEAM/(7870:7874): Conexion Broker: true
[INFO] 23:53:26:109 TEAM/(7904:7904): Conexion Broker: false
[INFO] 23:53:31:111 TEAM/(7904:7908): conexion creada -> SUSCRIPCION ; CONEXION: 12
[INFO] 23:53:31:111 TEAM/(7904:7908): suscripcion enviado
[INFO] 23:53:31:111 TEAM/(7904:7908): suscripcion recibido 3
[INFO] 23:53:31:111 TEAM/(7904:7908): SUSCRIPCION COMPLETADA
[INFO] 23:53:31:112 TEAM/(7904:7908): conexion creada -> SUSCRIPCION ; CONEXION: 12
[INFO] 23:53:31:112 TEAM/(7904:7908): suscripcion enviado
[INFO] 23:53:31:112 TEAM/(7904:7908): suscripcion recibido 5
[INFO] 23:53:31:112 TEAM/(7904:7908): SUSCRIPCION COMPLETADA
[INFO] 23:53:31:113 TEAM/(7904:7908): conexion creada -> SUSCRIPCION ; CONEXION: 12
[INFO] 23:53:31:113 TEAM/(7904:7908): suscripcion enviado
[INFO] 23:53:31:114 TEAM/(7904:7908): suscripcion recibido 7
[INFO] 23:53:31:114 TEAM/(7904:7908): SUSCRIPCION COMPLETADA
[INFO] 23:53:31:114 TEAM/(7904:7908): Conexion Broker: true
[INFO] 23:54:07:63 TEAM/(7925:7925): Conexion Broker: false
[INFO] 23:54:12:65 TEAM/(7925:7929): conexion creada -> SUSCRIPCION ; CONEXION: 12
[INFO] 23:54:12:66 TEAM/(7925:7929): suscripcion enviado
[INFO] 23:54:12:70 TEAM/(7925:7929): suscripcion recibido 3
[INFO] 23:54:12:70 TEAM/(7925:7929): SUSCRIPCION COMPLETADA
[INFO] 23:54:12:70 TEAM/(7925:7929): conexion creada -> SUSCRIPCION ; CONEXION: 12
[INFO] 23:54:12:70 TEAM/(7925:7929): suscripcion enviado
[INFO] 23:54:12:70 TEAM/(7925:7929): suscripcion recibido 5
[INFO] 23:54:12:70 TEAM/(7925:7929): SUSCRIPCION COMPLETADA
[INFO] 23:54:12:70 TEAM/(7925:7929): conexion creada -> SUSCRIPCION ; CONEXION: 12
[INFO] 23:54:12:70 TEAM/(7925:7929): suscripcion enviado
[INFO] 23:54:12:71 TEAM/(7925:7929): suscripcion recibido 7
[INFO] 23:54:12:71 TEAM/(7925:7929): SUSCRIPCION COMPLETADA
[INFO] 23:54:12:71 TEAM/(7925:7929): Conexion Broker: true
[INFO] 23:54:46:828 TEAM/(7995:7995): Conexion Broker: false
[INFO] 23:54:51:833 TEAM/(7995:7999): conexion creada -> SUSCRIPCION ; CONEXION: 12
[INFO] 23:54:51:834 TEAM/(7995:7999): suscripcion enviado
[INFO] 23:54:51:834 TEAM/(7995:7999): suscripcion recibido 3
[INFO] 23:54:51:834 TEAM/(7995:7999): SUSCRIPCION COMPLETADA
[INFO] 23:54:51:834 TEAM/(7995:7999): conexion creada -> SUSCRIPCION ; CONEXION: 12
[INFO] 23:54:51:834 TEAM/(7995:7999): suscripcion enviado
[INFO] 23:54:51:834 TEAM/(7995:7999): suscripcion recibido 5
[INFO] 23:54:51:834 TEAM/(7995:7999): SUSCRIPCION COMPLETADA
[INFO] 23:54:51:834 TEAM/(7995:7999): conexion creada -> SUSCRIPCION ; CONEXION: 12
[INFO] 23:54:51:834 TEAM/(7995:7999): suscripcion enviado
[INFO] 23:54:51:834 TEAM/(7995:7999): suscripcion recibido 7
[INFO] 23:54:51:834 TEAM/(7995:7999): SUSCRIPCION COMPLETADA
[INFO] 23:54:51:834 TEAM/(7995:7999): Conexion Broker: true
[INFO] 23:59:16:770 TEAM/(8139:8139): conexion creada -> SUSCRIPCION ; CONEXION: 7
[INFO] 23:59:16:770 TEAM/(8139:8139): suscripcion enviado
[INFO] 23:59:16:770 TEAM/(8139:8139): suscripcion recibido 3
[INFO] 23:59:16:770 TEAM/(8139:8139): SUSCRIPCION COMPLETADA
[INFO] 23:59:16:771 TEAM/(8139:8139): conexion creada -> SUSCRIPCION ; CONEXION: 7
[INFO] 23:59:16:771 TEAM/(8139:8139): suscripcion enviado
[INFO] 23:59:16:771 TEAM/(8139:8139): suscripcion recibido 5
[INFO] 23:59:16:771 TEAM/(8139:8139): SUSCRIPCION COMPLETADA
[INFO] 23:59:16:771 TEAM/(8139:8139): conexion creada -> SUSCRIPCION ; CONEXION: 7
[INFO] 23:59:16:771 TEAM/(8139:8139): suscripcion enviado
[INFO] 23:59:16:771 TEAM/(8139:8139): suscripcion recibido 7
[INFO] 23:59:16:771 TEAM/(8139:8139): SUSCRIPCION COMPLETADA
[INFO] 23:59:16:771 TEAM/(8139:8139): Conexion Broker: true
[INFO] 00:00:55:950 TEAM/(8200:8200): conexion creada -> SUSCRIPCION ; CONEXION: 7
[INFO] 00:00:55:950 TEAM/(8200:8200): suscripcion enviado
[INFO] 00:00:55:951 TEAM/(8200:8200): suscripcion recibido 3
[INFO] 00:00:55:951 TEAM/(8200:8200): SUSCRIPCION COMPLETADA
[INFO] 00:00:55:951 TEAM/(8200:8200): conexion creada -> SUSCRIPCION ; CONEXION: 7
[INFO] 00:00:55:951 TEAM/(8200:8200): suscripcion enviado
[INFO] 00:00:55:951 TEAM/(8200:8200): suscripcion recibido 5
[INFO] 00:00:55:951 TEAM/(8200:8200): SUSCRIPCION COMPLETADA
[INFO] 00:00:55:951 TEAM/(8200:8200): conexion creada -> SUSCRIPCION ; CONEXION: 7
[INFO] 00:00:55:951 TEAM/(8200:8200): suscripcion enviado
[INFO] 00:00:55:951 TEAM/(8200:8200): suscripcion recibido 7
[INFO] 00:00:55:951 TEAM/(8200:8200): SUSCRIPCION COMPLETADA
[INFO] 00:00:55:952 TEAM/(8200:8200): Conexion Broker: true
[INFO] 00:01:49:971 TEAM/(8289:8289): conexion creada -> SUSCRIPCION ; CONEXION: 7
[INFO] 00:01:49:971 TEAM/(8289:8289): suscripcion enviado
[INFO] 00:01:49:971 TEAM/(8289:8289): suscripcion recibido 3
[INFO] 00:01:49:971 TEAM/(8289:8289): SUSCRIPCION COMPLETADA
[INFO] 00:01:49:971 TEAM/(8289:8289): conexion creada -> SUSCRIPCION ; CONEXION: 7
[INFO] 00:01:49:971 TEAM/(8289:8289): suscripcion enviado
[INFO] 00:01:49:971 TEAM/(8289:8289): suscripcion recibido 5
[INFO] 00:01:49:971 TEAM/(8289:8289): SUSCRIPCION COMPLETADA
[INFO] 00:01:49:972 TEAM/(8289:8289): conexion creada -> SUSCRIPCION ; CONEXION: 7
[INFO] 00:01:49:972 TEAM/(8289:8289): suscripcion enviado
[INFO] 00:01:49:972 TEAM/(8289:8289): suscripcion recibido 7
[INFO] 00:01:49:972 TEAM/(8289:8289): SUSCRIPCION COMPLETADA
[INFO] 00:01:49:972 TEAM/(8289:8289): Conexion Broker: true
[INFO] 00:03:50:902 TEAM/(8417:8417): conexion creada -> SUSCRIPCION ; CONEXION: 7
[INFO] 00:03:50:902 TEAM/(8417:8417): suscripcion enviado
[INFO] 00:03:50:903 TEAM/(8417:8417): suscripcion recibido 3
[INFO] 00:03:50:903 TEAM/(8417:8417): SUSCRIPCION COMPLETADA
[INFO] 00:03:50:903 TEAM/(8417:8417): conexion creada -> SUSCRIPCION ; CONEXION: 7
[INFO] 00:03:50:903 TEAM/(8417:8417): suscripcion enviado
[INFO] 00:03:50:904 TEAM/(8417:8417): suscripcion recibido 5
[INFO] 00:03:50:904 TEAM/(8417:8417): SUSCRIPCION COMPLETADA
[INFO] 00:03:50:904 TEAM/(8417:8417): conexion creada -> SUSCRIPCION ; CONEXION: 7
[INFO] 00:03:50:904 TEAM/(8417:8417): suscripcion enviado
[INFO] 00:03:50:904 TEAM/(8417:8417): suscripcion recibido 7
[INFO] 00:03:50:904 TEAM/(8417:8417): SUSCRIPCION COMPLETADA
[INFO] 00:03:50:904 TEAM/(8417:8417): Conexion Broker: true
[INFO] 00:04:19:48 TEAM/(8437:8437): conexion creada -> SUSCRIPCION ; CONEXION: 7
[INFO] 00:04:19:48 TEAM/(8437:8437): suscripcion enviado
[INFO] 00:04:19:49 TEAM/(8437:8437): suscripcion recibido 3
[INFO] 00:04:19:49 TEAM/(8437:8437): SUSCRIPCION COMPLETADA
[INFO] 00:04:19:49 TEAM/(8437:8437): conexion creada -> SUSCRIPCION ; CONEXION: 7
[INFO] 00:04:19:49 TEAM/(8437:8437): suscripcion enviado
[INFO] 00:04:19:55 TEAM/(8437:8437): suscripcion recibido 5
[INFO] 00:04:19:55 TEAM/(8437:8437): SUSCRIPCION COMPLETADA
[INFO] 00:04:19:56 TEAM/(8437:8437): conexion creada -> SUSCRIPCION ; CONEXION: 7
[INFO] 00:04:19:56 TEAM/(8437:8437): suscripcion enviado
[INFO] 00:04:19:56 TEAM/(8437:8437): suscripcion recibido 7
[INFO] 00:04:19:56 TEAM/(8437:8437): SUSCRIPCION COMPLETADA
[INFO] 00:04:19:56 TEAM/(8437:8437): Conexion Broker: true
[INFO] 00:05:33:428 TEAM/(8517:8517): conexion creada -> SUSCRIPCION ; CONEXION: 7
[INFO] 00:05:33:429 TEAM/(8517:8517): suscripcion enviado
[INFO] 00:05:33:430 TEAM/(8517:8517): suscripcion recibido 3
[INFO] 00:05:33:430 TEAM/(8517:8517): SUSCRIPCION COMPLETADA
[INFO] 00:05:33:430 TEAM/(8517:8517): conexion creada -> SUSCRIPCION ; CONEXION: 7
[INFO] 00:05:33:430 TEAM/(8517:8517): suscripcion enviado
[INFO] 00:05:33:430 TEAM/(8517:8517): suscripcion recibido 5
[INFO] 00:05:33:430 TEAM/(8517:8517): SUSCRIPCION COMPLETADA
[INFO] 00:05:33:430 TEAM/(8517:8517): conexion creada -> SUSCRIPCION ; CONEXION: 7
[INFO] 00:05:33:430 TEAM/(8517:8517): suscripcion enviado
[INFO] 00:05:33:430 TEAM/(8517:8517): suscripcion recibido 7
[INFO] 00:05:33:430 TEAM/(8517:8517): SUSCRIPCION COMPLETADA
[INFO] 00:05:33:430 TEAM/(8517:8517): Conexion Broker: true
[INFO] 00:06:00:706 TEAM/(8536:8536): conexion creada -> SUSCRIPCION ; CONEXION: 7
[INFO] 00:06:00:706 TEAM/(8536:8536): suscripcion enviado
[INFO] 00:06:00:706 TEAM/(8536:8536): suscripcion recibido 3
[INFO] 00:06:00:706 TEAM/(8536:8536): SUSCRIPCION COMPLETADA
[INFO] 00:06:00:706 TEAM/(8536:8536): conexion creada -> SUSCRIPCION ; CONEXION: 7
[INFO] 00:06:00:706 TEAM/(8536:8536): suscripcion enviado
[INFO] 00:06:00:706 TEAM/(8536:8536): suscripcion recibido 5
[INFO] 00:06:00:706 TEAM/(8536:8536): SUSCRIPCION COMPLETADA
[INFO] 00:06:00:706 TEAM/(8536:8536): conexion creada -> SUSCRIPCION ; CONEXION: 7
[INFO] 00:06:00:706 TEAM/(8536:8536): suscripcion enviado
[INFO] 00:06:00:706 TEAM/(8536:8536): suscripcion recibido 7
[INFO] 00:06:00:706 TEAM/(8536:8536): SUSCRIPCION COMPLETADA
[INFO] 00:06:00:706 TEAM/(8536:8536): Conexion Broker: true
[INFO] 00:08:14:168 TEAM/(8632:8632): conexion creada -> SUSCRIPCION ; CONEXION: 7
[INFO] 00:08:14:168 TEAM/(8632:8632): suscripcion enviado
[INFO] 00:08:14:172 TEAM/(8632:8632): suscripcion recibido 3
[INFO] 00:08:14:172 TEAM/(8632:8632): SUSCRIPCION COMPLETADA
[INFO] 00:08:14:173 TEAM/(8632:8632): conexion creada -> SUSCRIPCION ; CONEXION: 7
[INFO] 00:08:14:173 TEAM/(8632:8632): suscripcion enviado
[INFO] 00:08:14:173 TEAM/(8632:8632): suscripcion recibido 5
[INFO] 00:08:14:173 TEAM/(8632:8632): SUSCRIPCION COMPLETADA
[INFO] 00:08:14:173 TEAM/(8632:8632): conexion creada -> SUSCRIPCION ; CONEXION: 7
[INFO] 00:08:14:173 TEAM/(8632:8632): suscripcion enviado
[INFO] 00:08:14:175 TEAM/(8632:8632): suscripcion recibido 7
[INFO] 00:08:14:175 TEAM/(8632:8632): SUSCRIPCION COMPLETADA
[INFO] 00:08:14:175 TEAM/(8632:8632): Conexion Broker: true
[INFO] 00:16:01:420 TEAM/(8806:8806): conexion creada -> SUSCRIPCION ; CONEXION: 7
[INFO] 00:16:01:420 TEAM/(8806:8806): suscripcion enviado
[INFO] 00:16:01:420 TEAM/(8806:8806): suscripcion recibido 3
[INFO] 00:16:01:420 TEAM/(8806:8806): SUSCRIPCION COMPLETADA
[INFO] 00:16:01:420 TEAM/(8806:8806): conexion creada -> SUSCRIPCION ; CONEXION: 7
[INFO] 00:16:01:420 TEAM/(8806:8806): suscripcion enviado
[INFO] 00:16:01:421 TEAM/(8806:8806): suscripcion recibido 5
[INFO] 00:16:01:421 TEAM/(8806:8806): SUSCRIPCION COMPLETADA
[INFO] 00:16:01:421 TEAM/(8806:8806): conexion creada -> SUSCRIPCION ; CONEXION: 7
[INFO] 00:16:01:421 TEAM/(8806:8806): suscripcion enviado
[INFO] 00:16:01:421 TEAM/(8806:8806): suscripcion recibido 7
[INFO] 00:16:01:421 TEAM/(8806:8806): SUSCRIPCION COMPLETADA
[INFO] 00:16:01:421 TEAM/(8806:8806): Conexion Broker: true
[INFO] 00:23:59:700 TEAM/(8940:8940): conexion creada -> SUSCRIPCION ; CONEXION: 6
[INFO] 00:23:59:700 TEAM/(8940:8940): suscripcion enviado
[INFO] 00:24:08:738 TEAM/(8940:8940): suscripcion recibido 3
[INFO] 00:24:08:738 TEAM/(8940:8940): SUSCRIPCION COMPLETADA
[INFO] 00:24:08:739 TEAM/(8940:8940): conexion creada -> SUSCRIPCION ; CONEXION: 6
[INFO] 00:24:08:739 TEAM/(8940:8940): suscripcion enviado
[INFO] 00:24:11:852 TEAM/(8940:8940): suscripcion recibido 5
[INFO] 00:24:11:852 TEAM/(8940:8940): SUSCRIPCION COMPLETADA
[INFO] 00:24:11:853 TEAM/(8940:8940): conexion creada -> SUSCRIPCION ; CONEXION: 6
[INFO] 00:24:11:853 TEAM/(8940:8940): suscripcion enviado
[INFO] 00:24:15:154 TEAM/(8940:8940): suscripcion recibido 7
[INFO] 00:24:15:154 TEAM/(8940:8940): SUSCRIPCION COMPLETADA
[INFO] 00:24:15:155 TEAM/(8940:8940): Conexion Broker: true
[INFO] 00:32:33:546 TEAM/(9359:9359): conexion creada -> SUSCRIPCION ; CONEXION: 7
[INFO] 00:32:33:546 TEAM/(9359:9359): suscripcion enviado
[INFO] 00:32:33:547 TEAM/(9359:9359): suscripcion recibido 3
[INFO] 00:32:33:547 TEAM/(9359:9359): SUSCRIPCION COMPLETADA
[INFO] 00:32:33:547 TEAM/(9359:9359): conexion creada -> SUSCRIPCION ; CONEXION: 7
[INFO] 00:32:33:547 TEAM/(9359:9359): suscripcion enviado
[INFO] 00:32:33:547 TEAM/(9359:9359): suscripcion recibido 5
[INFO] 00:32:33:547 TEAM/(9359:9359): SUSCRIPCION COMPLETADA
[INFO] 00:32:33:547 TEAM/(9359:9359): conexion creada -> SUSCRIPCION ; CONEXION: 7
[INFO] 00:32:33:547 TEAM/(9359:9359): suscripcion enviado
[INFO] 00:32:33:548 TEAM/(9359:9359): suscripcion recibido 7
[INFO] 00:32:33:548 TEAM/(9359:9359): SUSCRIPCION COMPLETADA
[INFO] 00:32:33:548 TEAM/(9359:9359): Conexion Broker: true
[INFO] 00:33:41:364 TEAM/(9435:9435): conexion creada -> SUSCRIPCION ; CONEXION: 5
[INFO] 00:33:41:364 TEAM/(9435:9435): suscripcion enviado
[INFO] 00:33:41:364 TEAM/(9435:9435): suscripcion recibido 3
[INFO] 00:33:41:364 TEAM/(9435:9435): SUSCRIPCION COMPLETADA
[INFO] 00:33:41:364 TEAM/(9435:9435): conexion creada -> SUSCRIPCION ; CONEXION: 5
[INFO] 00:33:41:364 TEAM/(9435:9435): suscripcion enviado
[INFO] 00:33:41:365 TEAM/(9435:9435): suscripcion recibido 5
[INFO] 00:33:41:365 TEAM/(9435:9435): SUSCRIPCION COMPLETADA
[INFO] 00:33:41:365 TEAM/(9435:9435): conexion creada -> SUSCRIPCION ; CONEXION: 5
[INFO] 00:33:41:365 TEAM/(9435:9435): suscripcion enviado
[INFO] 00:33:41:365 TEAM/(9435:9435): suscripcion recibido 7
[INFO] 00:33:41:365 TEAM/(9435:9435): SUSCRIPCION COMPLETADA
[INFO] 00:33:41:365 TEAM/(9435:9435): Conexion Broker: true
[INFO] 00:34:10:333 TEAM/(9453:9453): conexion creada -> SUSCRIPCION ; CONEXION: 7
[INFO] 00:34:10:333 TEAM/(9453:9453): suscripcion enviado
[INFO] 00:34:10:333 TEAM/(9453:9453): suscripcion recibido 3
[INFO] 00:34:10:333 TEAM/(9453:9453): SUSCRIPCION COMPLETADA
[INFO] 00:34:10:333 TEAM/(9453:9453): conexion creada -> SUSCRIPCION ; CONEXION: 7
[INFO] 00:34:10:333 TEAM/(9453:9453): suscripcion enviado
[INFO] 00:34:10:333 TEAM/(9453:9453): suscripcion recibido 5
[INFO] 00:34:10:333 TEAM/(9453:9453): SUSCRIPCION COMPLETADA
[INFO] 00:34:10:333 TEAM/(9453:9453): conexion creada -> SUSCRIPCION ; CONEXION: 7
[INFO] 00:34:10:333 TEAM/(9453:9453): suscripcion enviado
[INFO] 00:34:10:334 TEAM/(9453:9453): suscripcion recibido 7
[INFO] 00:34:10:334 TEAM/(9453:9453): SUSCRIPCION COMPLETADA
[INFO] 00:34:10:334 TEAM/(9453:9453): Conexion Broker: true
[INFO] 00:35:16:783 TEAM/(9538:9538): conexion creada -> SUSCRIPCION ; CONEXION: 5
[INFO] 00:35:16:783 TEAM/(9538:9538): suscripcion enviado
[INFO] 00:35:26:568 TEAM/(9545:9545): conexion creada -> SUSCRIPCION ; CONEXION: 7
[INFO] 00:35:26:568 TEAM/(9545:9545): suscripcion enviado
[INFO] 00:35:26:568 TEAM/(9545:9545): suscripcion recibido 3
[INFO] 00:35:26:568 TEAM/(9545:9545): SUSCRIPCION COMPLETADA
[INFO] 00:35:26:568 TEAM/(9545:9545): conexion creada -> SUSCRIPCION ; CONEXION: 7
[INFO] 00:35:26:568 TEAM/(9545:9545): suscripcion enviado
[INFO] 00:35:26:568 TEAM/(9545:9545): suscripcion recibido 5
[INFO] 00:35:26:568 TEAM/(9545:9545): SUSCRIPCION COMPLETADA
[INFO] 00:35:26:568 TEAM/(9545:9545): conexion creada -> SUSCRIPCION ; CONEXION: 7
[INFO] 00:35:26:568 TEAM/(9545:9545): suscripcion enviado
[INFO] 00:35:26:568 TEAM/(9545:9545): suscripcion recibido 7
[INFO] 00:35:26:568 TEAM/(9545:9545): SUSCRIPCION COMPLETADA
[INFO] 00:35:26:568 TEAM/(9545:9545): Conexion Broker: true
